2025-09-14 09:50:48,390 INFO o.a.j.u.JMeterUtils: Setting Locale to en_EN
2025-09-14 09:50:48,453 INFO o.a.j.JMeter: Loading user properties from: user.properties
2025-09-14 09:50:48,457 INFO o.a.j.JMeter: Loading system properties from: system.properties
2025-09-14 09:50:48,464 INFO o.a.j.JMeter: Copyright (c) 1998-2024 The Apache Software Foundation
2025-09-14 09:50:48,464 INFO o.a.j.JMeter: Version 5.6.3
2025-09-14 09:50:48,464 INFO o.a.j.JMeter: java.version=11.0.11
2025-09-14 09:50:48,464 INFO o.a.j.JMeter: java.vm.name=OpenJDK 64-Bit Server VM
2025-09-14 09:50:48,464 INFO o.a.j.JMeter: os.name=Windows 10
2025-09-14 09:50:48,464 INFO o.a.j.JMeter: os.arch=amd64
2025-09-14 09:50:48,464 INFO o.a.j.JMeter: os.version=10.0
2025-09-14 09:50:48,464 INFO o.a.j.JMeter: file.encoding=Cp1252
2025-09-14 09:50:48,465 INFO o.a.j.JMeter: java.awt.headless=null
2025-09-14 09:50:48,465 INFO o.a.j.JMeter: Max memory     =1073741824
2025-09-14 09:50:48,465 INFO o.a.j.JMeter: Available Processors =8
2025-09-14 09:50:48,475 INFO o.a.j.JMeter: Default Locale=English (EN)
2025-09-14 09:50:48,475 INFO o.a.j.JMeter: JMeter  Locale=English (EN)
2025-09-14 09:50:48,475 INFO o.a.j.JMeter: JMeterHome=C:\Users\MARIOD.DIAZ\Downloads\apache-jmeter-5.6.3\apache-jmeter-5.6.3
2025-09-14 09:50:48,476 INFO o.a.j.JMeter: user.dir  =C:\Users\MARIOD.DIAZ\Downloads\apache-jmeter-5.6.3\apache-jmeter-5.6.3\bin
2025-09-14 09:50:48,476 INFO o.a.j.JMeter: PWD       =C:\Users\MARIOD.DIAZ\Downloads\apache-jmeter-5.6.3\apache-jmeter-5.6.3\bin
2025-09-14 09:50:48,479 INFO o.a.j.JMeter: IP: 192.168.1.104 Name: LSTKBO220923 FullName: LSTKBO220923.softtekprojects.com
2025-09-14 09:50:48,492 INFO o.a.j.JMeter: Loaded icon properties from org/apache/jmeter/images/icon.properties
2025-09-14 09:50:48,790 INFO o.a.j.JMeterGuiLauncher: Setting LAF to: com.github.weisj.darklaf.DarkLaf:com.github.weisj.darklaf.theme.DarculaTheme
2025-09-14 09:50:50,168 INFO o.a.j.r.ClassFinder: Will scan jar C:\Users\MARIOD.DIAZ\Downloads\apache-jmeter-5.6.3\apache-jmeter-5.6.3\lib\ext\jmeter-plugins-casutg-3.1.1.jar with filter ExtendsClassFilter [parents=[interface org.apache.jmeter.gui.action.Command], inner=false, contains=null, notContains=null]. Consider exposing JMeter plugins via META-INF/services, and add JMeter-Skip-Class-Scanning=true manifest attribute so JMeter can skip classfile scanning
2025-09-14 09:50:50,182 INFO o.a.j.r.ClassFinder: Will scan jar C:\Users\MARIOD.DIAZ\Downloads\apache-jmeter-5.6.3\apache-jmeter-5.6.3\lib\ext\jmeter-plugins-manager-1.11.jar with filter ExtendsClassFilter [parents=[interface org.apache.jmeter.gui.action.Command], inner=false, contains=null, notContains=null]. Consider exposing JMeter plugins via META-INF/services, and add JMeter-Skip-Class-Scanning=true manifest attribute so JMeter can skip classfile scanning
2025-09-14 09:50:50,346 INFO o.a.j.r.ClassFinder: Will scan jar C:\Users\MARIOD.DIAZ\Downloads\apache-jmeter-5.6.3\apache-jmeter-5.6.3\lib\ext\jmeter-plugins-casutg-3.1.1.jar with filter ExtendsClassFilter [parents=[interface org.apache.jmeter.gui.plugin.MenuCreator], inner=false, contains=null, notContains=null]. Consider exposing JMeter plugins via META-INF/services, and add JMeter-Skip-Class-Scanning=true manifest attribute so JMeter can skip classfile scanning
2025-09-14 09:50:50,347 INFO o.a.j.r.ClassFinder: Will scan jar C:\Users\MARIOD.DIAZ\Downloads\apache-jmeter-5.6.3\apache-jmeter-5.6.3\lib\ext\jmeter-plugins-manager-1.11.jar with filter ExtendsClassFilter [parents=[interface org.apache.jmeter.gui.plugin.MenuCreator], inner=false, contains=null, notContains=null]. Consider exposing JMeter plugins via META-INF/services, and add JMeter-Skip-Class-Scanning=true manifest attribute so JMeter can skip classfile scanning
2025-09-14 09:50:51,170 INFO o.j.r.JARSourceHTTP: Requesting https://jmeter-plugins.org/repo/?installID=windows_10-4617165f3c98b166387f020efbf89278-gui
2025-09-14 09:50:54,761 INFO o.j.r.PluginManager: Plugins Status: [jpgc-casutg=3.1.1, jpgc-plugins-manager=1.11, jmeter-core=5.6.3, jmeter-ftp=5.6.3, jmeter-http=5.6.3, jmeter-jdbc=5.6.3, jmeter-jms=5.6.3, jmeter-junit=5.6.3, jmeter-java=5.6.3, jmeter-ldap=5.6.3, jmeter-mail=5.6.3, jmeter-mongodb=5.6.3, jmeter-native=5.6.3, jmeter-tcp=5.6.3, jmeter-components=5.6.3]
2025-09-14 09:51:23,797 INFO o.a.j.s.FileServer: Default base='C:\Users\MARIOD.DIAZ\Downloads\apache-jmeter-5.6.3\apache-jmeter-5.6.3\bin'
2025-09-14 09:51:23,800 INFO o.a.j.g.a.Load: Loading file: C:\Users\MARIOD.DIAZ\Desktop\Ejercicio Pruebas de Carga .jmx
2025-09-14 09:51:23,800 INFO o.a.j.s.FileServer: Set new base='C:\Users\MARIOD.DIAZ\Desktop'
2025-09-14 09:51:23,970 INFO o.a.j.s.SaveService: Testplan (JMX) version: 2.2. Testlog (JTL) version: 2.2
2025-09-14 09:51:23,983 INFO o.a.j.s.SaveService: Using SaveService properties version 5.0
2025-09-14 09:51:23,984 INFO o.a.j.s.SaveService: Using SaveService properties file encoding UTF-8
2025-09-14 09:51:23,986 INFO o.a.j.s.SaveService: Loading file: C:\Users\MARIOD.DIAZ\Desktop\Ejercicio Pruebas de Carga .jmx
2025-09-14 09:51:24,078 INFO o.a.j.p.h.s.HTTPSamplerBase: Parser for text/html is org.apache.jmeter.protocol.http.parser.LagartoBasedHtmlParser
2025-09-14 09:51:24,078 INFO o.a.j.p.h.s.HTTPSamplerBase: Parser for application/xhtml+xml is org.apache.jmeter.protocol.http.parser.LagartoBasedHtmlParser
2025-09-14 09:51:24,078 INFO o.a.j.p.h.s.HTTPSamplerBase: Parser for application/xml is org.apache.jmeter.protocol.http.parser.LagartoBasedHtmlParser
2025-09-14 09:51:24,079 INFO o.a.j.p.h.s.HTTPSamplerBase: Parser for text/xml is org.apache.jmeter.protocol.http.parser.LagartoBasedHtmlParser
2025-09-14 09:51:24,079 INFO o.a.j.p.h.s.HTTPSamplerBase: Parser for text/vnd.wap.wml is org.apache.jmeter.protocol.http.parser.RegexpHTMLParser
2025-09-14 09:51:24,079 INFO o.a.j.p.h.s.HTTPSamplerBase: Parser for text/css is org.apache.jmeter.protocol.http.parser.CssParser
2025-09-14 09:51:24,280 INFO o.a.j.s.SampleResult: Note: Sample TimeStamps are START times
2025-09-14 09:51:24,280 INFO o.a.j.s.SampleResult: sampleresult.default.encoding is set to UTF-8
2025-09-14 09:51:24,280 INFO o.a.j.s.SampleResult: sampleresult.useNanoTime=true
2025-09-14 09:51:24,280 INFO o.a.j.s.SampleResult: sampleresult.nanoThreadSleep=5000
2025-09-14 09:51:24,406 INFO o.a.j.r.ClassFinder: Will scan jar C:\Users\MARIOD.DIAZ\Downloads\apache-jmeter-5.6.3\apache-jmeter-5.6.3\lib\ext\jmeter-plugins-casutg-3.1.1.jar with filter ExtendsClassFilter [parents=[interface org.apache.jmeter.visualizers.ResultRenderer], inner=false, contains=null, notContains=null]. Consider exposing JMeter plugins via META-INF/services, and add JMeter-Skip-Class-Scanning=true manifest attribute so JMeter can skip classfile scanning
2025-09-14 09:51:24,407 INFO o.a.j.r.ClassFinder: Will scan jar C:\Users\MARIOD.DIAZ\Downloads\apache-jmeter-5.6.3\apache-jmeter-5.6.3\lib\ext\jmeter-plugins-manager-1.11.jar with filter ExtendsClassFilter [parents=[interface org.apache.jmeter.visualizers.ResultRenderer], inner=false, contains=null, notContains=null]. Consider exposing JMeter plugins via META-INF/services, and add JMeter-Skip-Class-Scanning=true manifest attribute so JMeter can skip classfile scanning
2025-09-14 09:51:24,442 INFO o.a.j.r.ClassFinder: Will scan jar C:\Users\MARIOD.DIAZ\Downloads\apache-jmeter-5.6.3\apache-jmeter-5.6.3\lib\ext\jmeter-plugins-casutg-3.1.1.jar with filter ExtendsClassFilter [parents=[interface org.apache.jmeter.visualizers.RequestView], inner=false, contains=null, notContains=null]. Consider exposing JMeter plugins via META-INF/services, and add JMeter-Skip-Class-Scanning=true manifest attribute so JMeter can skip classfile scanning
2025-09-14 09:51:24,443 INFO o.a.j.r.ClassFinder: Will scan jar C:\Users\MARIOD.DIAZ\Downloads\apache-jmeter-5.6.3\apache-jmeter-5.6.3\lib\ext\jmeter-plugins-manager-1.11.jar with filter ExtendsClassFilter [parents=[interface org.apache.jmeter.visualizers.RequestView], inner=false, contains=null, notContains=null]. Consider exposing JMeter plugins via META-INF/services, and add JMeter-Skip-Class-Scanning=true manifest attribute so JMeter can skip classfile scanning
2025-09-14 09:51:24,558 INFO o.a.j.e.u.CompoundVariable: Note: Function class names must contain the string: '.functions.'
2025-09-14 09:51:24,558 INFO o.a.j.e.u.CompoundVariable: Note: Function class names must not contain the string: '.gui.'
2025-09-14 09:51:24,812 INFO o.a.j.r.ClassFinder: Will scan jar C:\Users\MARIOD.DIAZ\Downloads\apache-jmeter-5.6.3\apache-jmeter-5.6.3\lib\ext\jmeter-plugins-casutg-3.1.1.jar with filter ExtendsClassFilter [parents=[interface org.apache.jmeter.functions.Function], inner=false, contains=null, notContains=null]. Consider exposing JMeter plugins via META-INF/services, and add JMeter-Skip-Class-Scanning=true manifest attribute so JMeter can skip classfile scanning
2025-09-14 09:51:24,812 INFO o.a.j.r.ClassFinder: Will scan jar C:\Users\MARIOD.DIAZ\Downloads\apache-jmeter-5.6.3\apache-jmeter-5.6.3\lib\ext\jmeter-plugins-manager-1.11.jar with filter ExtendsClassFilter [parents=[interface org.apache.jmeter.functions.Function], inner=false, contains=null, notContains=null]. Consider exposing JMeter plugins via META-INF/services, and add JMeter-Skip-Class-Scanning=true manifest attribute so JMeter can skip classfile scanning
2025-09-14 09:51:24,846 INFO o.a.j.s.FileServer: Set new base='C:\Users\MARIOD.DIAZ\Desktop'
